<?xml version="1.0" encoding="UTF-8" ?>
<testsuite tests="6" failures="0" name="br.inatel.cdg.teste.TesteBuscaInimigo" time="0.046" errors="0" skipped="0">
  <properties>
[...]
</properties>
  <testcase classname="br.inatel.cdg.teste.TesteBuscaInimigo" name="testeBuscaInimigo" time="0.046"/>
  <testcase classname="br.inatel.cdg.teste.TesteBuscaInimigo" name="testeBuscaInimigoM" time="0"/>
  <testcase classname="br.inatel.cdg.teste.TesteBuscaInimigo" name="testeBuscaInimigo20" time="0"/>
  <testcase classname="br.inatel.cdg.teste.TesteBuscaInimigo" name="testeBuscaInimigoSkeleton" time="0"/>
  <testcase classname="br.inatel.cdg.teste.TesteBuscaInimigo" name="testeInimigoNaoExiste" time="0"/>
  <testcase classname="br.inatel.cdg.teste.TesteBuscaInimigo" name="testeInimigoExiste" time="0"/>
</testsuite>